2021-05-19 12:33:12,838 INFO c.e.d.SareetaApplication [main] Starting SareetaApplication using Java 16.0.1 on ASPIRE-A2 with PID 5372 (C:\Java\eComerce\P04-eCommerce Application\starter_code\target\classes started by MSUser2 in C:\Java\eComerce\P04-eCommerce Application)
2021-05-19 12:33:12,846 DEBUG c.e.d.SareetaApplication [main] Running with Spring Boot v2.4.5, Spring v5.3.6
2021-05-19 12:33:12,846 INFO c.e.d.SareetaApplication [main] No active profile set, falling back to default profiles: default
2021-05-19 12:33:15,931 DEBUG c.e.d.s.JWTAuthenticationVerficationFilter [main] Filter 'JWTAuthenticationVerficationFilter' configured for use
2021-05-19 12:33:16,516 INFO c.e.d.SareetaApplication [main] Started SareetaApplication in 4.073 seconds (JVM running for 5.023)
2021-05-19 12:42:56,618 INFO c.e.d.SareetaApplication [main] Starting SareetaApplication using Java 16.0.1 on ASPIRE-A2 with PID 10552 (C:\Java\eComerce\P04-eCommerce Application\starter_code\target\classes started by MSUser2 in C:\Java\eComerce\P04-eCommerce Application)
2021-05-19 12:42:56,625 DEBUG c.e.d.SareetaApplication [main] Running with Spring Boot v2.4.5, Spring v5.3.6
2021-05-19 12:42:56,625 INFO c.e.d.SareetaApplication [main] No active profile set, falling back to default profiles: default
2021-05-19 12:42:59,772 DEBUG c.e.d.s.JWTAuthenticationVerficationFilter [main] Filter 'JWTAuthenticationVerficationFilter' configured for use
2021-05-19 12:43:00,365 INFO c.e.d.SareetaApplication [main] Started SareetaApplication in 4.086 seconds (JVM running for 5.019)
2021-05-19 12:43:34,037 INFO c.e.d.SareetaApplication [main] Starting SareetaApplication using Java 16.0.1 on ASPIRE-A2 with PID 1796 (C:\Java\eComerce\P04-eCommerce Application\starter_code\target\classes started by MSUser2 in C:\Java\eComerce\P04-eCommerce Application)
2021-05-19 12:43:34,048 DEBUG c.e.d.SareetaApplication [main] Running with Spring Boot v2.4.5, Spring v5.3.6
2021-05-19 12:43:34,049 INFO c.e.d.SareetaApplication [main] No active profile set, falling back to default profiles: default
2021-05-19 12:43:37,229 DEBUG c.e.d.s.JWTAuthenticationVerficationFilter [main] Filter 'JWTAuthenticationVerficationFilter' configured for use
2021-05-19 12:43:37,815 INFO c.e.d.SareetaApplication [main] Started SareetaApplication in 4.105 seconds (JVM running for 5.014)
2021-05-19 12:44:52,595 INFO c.e.d.c.UserController [http-nio-8080-exec-2] Username create: John, User password set: $2a$10$a0d9koHPgOk18zegdIMNg.W686nDPUAv1CzIUQu3Mw9y66DIb861W
2021-05-19 12:45:48,504 INFO c.e.d.SareetaApplication [main] Starting SareetaApplication using Java 16.0.1 on ASPIRE-A2 with PID 15076 (C:\Java\eComerce\P04-eCommerce Application\starter_code\target\classes started by MSUser2 in C:\Java\eComerce\P04-eCommerce Application)
2021-05-19 12:45:48,511 DEBUG c.e.d.SareetaApplication [main] Running with Spring Boot v2.4.5, Spring v5.3.6
2021-05-19 12:45:48,512 INFO c.e.d.SareetaApplication [main] No active profile set, falling back to default profiles: default
2021-05-19 12:45:51,607 DEBUG c.e.d.s.JWTAuthenticationVerficationFilter [main] Filter 'JWTAuthenticationVerficationFilter' configured for use
2021-05-19 12:45:52,135 INFO c.e.d.SareetaApplication [main] Started SareetaApplication in 4.076 seconds (JVM running for 4.972)
2021-05-19 12:46:07,342 INFO c.e.d.c.UserController [http-nio-8080-exec-2] Username create: John, User password set: $2a$10$5v7.FDgZCkr8VZMLN4YGeOXUv7q39gbgL1auSCV6NT4Z6QkC520I6

