2021-05-19 12:33:12,838 INFO c.e.d.SareetaApplication [main] Starting SareetaApplication using Java 16.0.1 on ASPIRE-A2 with PID 5372 (C:\Java\eComerce\P04-eCommerce Application\starter_code\target\classes started by MSUser2 in C:\Java\eComerce\P04-eCommerce Application)
2021-05-19 12:33:12,846 DEBUG c.e.d.SareetaApplication [main] Running with Spring Boot v2.4.5, Spring v5.3.6
2021-05-19 12:33:12,846 INFO c.e.d.SareetaApplication [main] No active profile set, falling back to default profiles: default
2021-05-19 12:33:15,931 DEBUG c.e.d.s.JWTAuthenticationVerficationFilter [main] Filter 'JWTAuthenticationVerficationFilter' configured for use
2021-05-19 12:33:16,516 INFO c.e.d.SareetaApplication [main] Started SareetaApplication in 4.073 seconds (JVM running for 5.023)
2021-05-19 12:42:56,618 INFO c.e.d.SareetaApplication [main] Starting SareetaApplication using Java 16.0.1 on ASPIRE-A2 with PID 10552 (C:\Java\eComerce\P04-eCommerce Application\starter_code\target\classes started by MSUser2 in C:\Java\eComerce\P04-eCommerce Application)
2021-05-19 12:42:56,625 DEBUG c.e.d.SareetaApplication [main] Running with Spring Boot v2.4.5, Spring v5.3.6
2021-05-19 12:42:56,625 INFO c.e.d.SareetaApplication [main] No active profile set, falling back to default profiles: default
2021-05-19 12:42:59,772 DEBUG c.e.d.s.JWTAuthenticationVerficationFilter [main] Filter 'JWTAuthenticationVerficationFilter' configured for use
2021-05-19 12:43:00,365 INFO c.e.d.SareetaApplication [main] Started SareetaApplication in 4.086 seconds (JVM running for 5.019)
2021-05-19 12:43:34,037 INFO c.e.d.SareetaApplication [main] Starting SareetaApplication using Java 16.0.1 on ASPIRE-A2 with PID 1796 (C:\Java\eComerce\P04-eCommerce Application\starter_code\target\classes started by MSUser2 in C:\Java\eComerce\P04-eCommerce Application)
2021-05-19 12:43:34,048 DEBUG c.e.d.SareetaApplication [main] Running with Spring Boot v2.4.5, Spring v5.3.6
2021-05-19 12:43:34,049 INFO c.e.d.SareetaApplication [main] No active profile set, falling back to default profiles: default
2021-05-19 12:43:37,229 DEBUG c.e.d.s.JWTAuthenticationVerficationFilter [main] Filter 'JWTAuthenticationVerficationFilter' configured for use
2021-05-19 12:43:37,815 INFO c.e.d.SareetaApplication [main] Started SareetaApplication in 4.105 seconds (JVM running for 5.014)
2021-05-19 12:44:52,595 INFO c.e.d.c.UserController [http-nio-8080-exec-2] Username create: John, User password set: $2a$10$a0d9koHPgOk18zegdIMNg.W686nDPUAv1CzIUQu3Mw9y66DIb861W
2021-05-19 12:45:48,504 INFO c.e.d.SareetaApplication [main] Starting SareetaApplication using Java 16.0.1 on ASPIRE-A2 with PID 15076 (C:\Java\eComerce\P04-eCommerce Application\starter_code\target\classes started by MSUser2 in C:\Java\eComerce\P04-eCommerce Application)
2021-05-19 12:45:48,511 DEBUG c.e.d.SareetaApplication [main] Running with Spring Boot v2.4.5, Spring v5.3.6
2021-05-19 12:45:48,512 INFO c.e.d.SareetaApplication [main] No active profile set, falling back to default profiles: default
2021-05-19 12:45:51,607 DEBUG c.e.d.s.JWTAuthenticationVerficationFilter [main] Filter 'JWTAuthenticationVerficationFilter' configured for use
2021-05-19 12:45:52,135 INFO c.e.d.SareetaApplication [main] Started SareetaApplication in 4.076 seconds (JVM running for 4.972)
2021-05-19 12:46:07,342 INFO c.e.d.c.UserController [http-nio-8080-exec-2] Username create: John, User password set: $2a$10$5v7.FDgZCkr8VZMLN4YGeOXUv7q39gbgL1auSCV6NT4Z6QkC520I6
2021-05-19 13:20:02,215 INFO c.e.d.SareetaApplication [main] Starting SareetaApplication using Java 16.0.1 on ASPIRE-A2 with PID 6388 (C:\Java\eComerce\P04-eCommerce Application\starter_code\target\classes started by MSUser2 in C:\Java\eComerce\P04-eCommerce Application)
2021-05-19 13:20:02,222 DEBUG c.e.d.SareetaApplication [main] Running with Spring Boot v2.4.5, Spring v5.3.6
2021-05-19 13:20:02,223 INFO c.e.d.SareetaApplication [main] No active profile set, falling back to default profiles: default
2021-05-19 13:20:05,461 DEBUG c.e.d.s.JWTAuthenticationVerficationFilter [main] Filter 'JWTAuthenticationVerficationFilter' configured for use
2021-05-19 13:20:06,083 INFO c.e.d.SareetaApplication [main] Started SareetaApplication in 4.281 seconds (JVM running for 5.203)
2021-05-19 13:20:59,028 INFO c.e.d.SareetaApplication [main] Starting SareetaApplication using Java 16.0.1 on ASPIRE-A2 with PID 8284 (C:\Java\eComerce\P04-eCommerce Application\starter_code\target\classes started by MSUser2 in C:\Java\eComerce\P04-eCommerce Application)
2021-05-19 13:20:59,037 DEBUG c.e.d.SareetaApplication [main] Running with Spring Boot v2.4.5, Spring v5.3.6
2021-05-19 13:20:59,038 INFO c.e.d.SareetaApplication [main] No active profile set, falling back to default profiles: default
2021-05-19 13:21:02,532 DEBUG c.e.d.s.JWTAuthenticationVerficationFilter [main] Filter 'JWTAuthenticationVerficationFilter' configured for use
2021-05-19 13:21:03,265 INFO c.e.d.SareetaApplication [main] Started SareetaApplication in 4.619 seconds (JVM running for 5.51)
2021-05-19 13:21:38,582 INFO c.e.d.SareetaApplication [main] Starting SareetaApplication using Java 16.0.1 on ASPIRE-A2 with PID 13524 (C:\Java\eComerce\P04-eCommerce Application\starter_code\target\classes started by MSUser2 in C:\Java\eComerce\P04-eCommerce Application)
2021-05-19 13:21:38,591 DEBUG c.e.d.SareetaApplication [main] Running with Spring Boot v2.4.5, Spring v5.3.6
2021-05-19 13:21:38,592 INFO c.e.d.SareetaApplication [main] No active profile set, falling back to default profiles: default
2021-05-19 13:21:42,013 DEBUG c.e.d.s.JWTAuthenticationVerficationFilter [main] Filter 'JWTAuthenticationVerficationFilter' configured for use
2021-05-19 13:21:42,633 INFO c.e.d.SareetaApplication [main] Started SareetaApplication in 4.46 seconds (JVM running for 5.486)
2021-05-19 13:23:37,706 INFO c.e.d.SareetaApplication [main] Starting SareetaApplication using Java 16.0.1 on ASPIRE-A2 with PID 14772 (C:\Java\eComerce\P04-eCommerce Application\starter_code\target\classes started by MSUser2 in C:\Java\eComerce\P04-eCommerce Application)
2021-05-19 13:23:37,717 DEBUG c.e.d.SareetaApplication [main] Running with Spring Boot v2.4.5, Spring v5.3.6
2021-05-19 13:23:37,718 INFO c.e.d.SareetaApplication [main] No active profile set, falling back to default profiles: default
2021-05-19 13:23:41,176 DEBUG c.e.d.s.JWTAuthenticationVerficationFilter [main] Filter 'JWTAuthenticationVerficationFilter' configured for use
2021-05-19 13:23:41,764 INFO c.e.d.SareetaApplication [main] Started SareetaApplication in 4.483 seconds (JVM running for 5.418)
2021-05-19 13:59:53,326 INFO c.e.d.SareetaApplication [main] Starting SareetaApplication using Java 16.0.1 on ASPIRE-A2 with PID 11900 (C:\Java\eComerce\P04-eCommerce Application\starter_code\target\classes started by MSUser2 in C:\Java\eComerce\P04-eCommerce Application)
2021-05-19 13:59:53,338 DEBUG c.e.d.SareetaApplication [main] Running with Spring Boot v2.4.5, Spring v5.3.6
2021-05-19 13:59:53,339 INFO c.e.d.SareetaApplication [main] No active profile set, falling back to default profiles: default
2021-05-19 13:59:56,706 DEBUG c.e.d.s.JWTAuthenticationVerficationFilter [main] Filter 'JWTAuthenticationVerficationFilter' configured for use
2021-05-19 13:59:57,427 INFO c.e.d.SareetaApplication [main] Started SareetaApplication in 4.45 seconds (JVM running for 5.369)
2021-05-19 14:00:05,725 INFO c.e.d.c.UserController [http-nio-8080-exec-2] Username create: John, User password set: $2a$10$EjdryHamzu6GLxG7tHrvvOtkehy.GlLCywHLT.S8Y2RSUU6uoPY0S
2021-05-20 09:47:19,457 INFO c.e.d.SareetaApplication [main] Starting SareetaApplication using Java 16.0.1 on ASPIRE-A2 with PID 16624 (C:\Java\eComerce\P04-eCommerce Application\starter_code\target\classes started by MSUser2 in C:\Java\eComerce\P04-eCommerce Application)
2021-05-20 09:47:19,463 DEBUG c.e.d.SareetaApplication [main] Running with Spring Boot v2.4.5, Spring v5.3.6
2021-05-20 09:47:19,464 INFO c.e.d.SareetaApplication [main] No active profile set, falling back to default profiles: default
2021-05-20 09:47:24,345 DEBUG c.e.d.s.JWTAuthenticationVerficationFilter [main] Filter 'JWTAuthenticationVerficationFilter' configured for use
2021-05-20 09:47:24,949 INFO c.e.d.SareetaApplication [main] Started SareetaApplication in 5.933 seconds (JVM running for 8.154)
2021-05-20 09:50:14,893 ERROR o.a.c.c.C.[.[.[.[dispatcherServlet] [http-nio-8080-exec-2] Servlet.service() for servlet [dispatcherServlet] in context with path [] threw exception [Request processing failed; nested exception is java.lang.NullPointerException: Cannot invoke "String.length()" because the return value of "com.example.demo.model.requests.CreateUserRequest.getPassword()" is null] with root cause
2021-05-20 09:53:07,538 INFO c.e.d.SareetaApplication [main] Starting SareetaApplication using Java 16.0.1 on ASPIRE-A2 with PID 6012 (C:\Java\eComerce\P04-eCommerce Application\starter_code\target\classes started by MSUser2 in C:\Java\eComerce\P04-eCommerce Application)
2021-05-20 09:53:07,547 DEBUG c.e.d.SareetaApplication [main] Running with Spring Boot v2.4.5, Spring v5.3.6
2021-05-20 09:53:07,548 INFO c.e.d.SareetaApplication [main] No active profile set, falling back to default profiles: default
2021-05-20 09:53:10,957 DEBUG c.e.d.s.JWTAuthenticationVerficationFilter [main] Filter 'JWTAuthenticationVerficationFilter' configured for use
2021-05-20 09:53:11,603 INFO c.e.d.SareetaApplication [main] Started SareetaApplication in 4.513 seconds (JVM running for 5.521)
2021-05-20 09:54:18,554 INFO c.e.d.SareetaApplication [main] Starting SareetaApplication using Java 16.0.1 on ASPIRE-A2 with PID 1612 (C:\Java\eComerce\P04-eCommerce Application\starter_code\target\classes started by MSUser2 in C:\Java\eComerce\P04-eCommerce Application)
2021-05-20 09:54:18,564 DEBUG c.e.d.SareetaApplication [main] Running with Spring Boot v2.4.5, Spring v5.3.6
2021-05-20 09:54:18,564 INFO c.e.d.SareetaApplication [main] No active profile set, falling back to default profiles: default
2021-05-20 09:54:21,857 DEBUG c.e.d.s.JWTAuthenticationVerficationFilter [main] Filter 'JWTAuthenticationVerficationFilter' configured for use
2021-05-20 09:54:22,439 INFO c.e.d.SareetaApplication [main] Started SareetaApplication in 4.288 seconds (JVM running for 5.159)
2021-05-20 09:55:08,557 INFO c.e.d.c.UserController [http-nio-8080-exec-6] Username create: John, User password set: $2a$10$6vLqIPM8veD6P6Yw79wLYuG/o1NbKXMrpmiM3ftTrHTGEhUXxEKmy
2021-05-20 09:58:20,008 INFO c.e.d.SareetaApplication [main] Starting SareetaApplication using Java 16.0.1 on ASPIRE-A2 with PID 4932 (C:\Java\eComerce\P04-eCommerce Application\starter_code\target\classes started by MSUser2 in C:\Java\eComerce\P04-eCommerce Application)
2021-05-20 09:58:20,020 DEBUG c.e.d.SareetaApplication [main] Running with Spring Boot v2.4.5, Spring v5.3.6
2021-05-20 09:58:20,021 INFO c.e.d.SareetaApplication [main] No active profile set, falling back to default profiles: default
2021-05-20 09:58:23,452 DEBUG c.e.d.s.JWTAuthenticationVerficationFilter [main] Filter 'JWTAuthenticationVerficationFilter' configured for use
2021-05-20 09:58:24,087 INFO c.e.d.SareetaApplication [main] Started SareetaApplication in 4.432 seconds (JVM running for 5.394)
2021-05-20 09:59:51,661 INFO c.e.d.c.UserController [http-nio-8080-exec-4] Username create: Elton John, User password set: $2a$10$DqQkuImWf0Qt9bE7OY/ePexBv63a0MG5ckpa/C3JluPAglqvaDqPm
2021-05-20 11:06:41,852 INFO c.e.d.SareetaApplication [main] Starting SareetaApplication using Java 16.0.1 on ASPIRE-A2 with PID 12556 (C:\Java\eComerce\P04-eCommerce Application\starter_code\target\classes started by MSUser2 in C:\Java\eComerce\P04-eCommerce Application)
2021-05-20 11:06:41,861 DEBUG c.e.d.SareetaApplication [main] Running with Spring Boot v2.4.5, Spring v5.3.6
2021-05-20 11:06:41,862 INFO c.e.d.SareetaApplication [main] No active profile set, falling back to default profiles: default
2021-05-20 11:06:46,234 DEBUG c.e.d.s.JWTAuthenticationVerficationFilter [main] Filter 'JWTAuthenticationVerficationFilter' configured for use
2021-05-20 11:06:46,797 INFO c.e.d.SareetaApplication [main] Started SareetaApplication in 5.44 seconds (JVM running for 6.804)
2021-05-20 11:08:39,413 INFO c.e.d.SareetaApplication [main] Starting SareetaApplication using Java 16.0.1 on ASPIRE-A2 with PID 14088 (C:\Java\eComerce\P04-eCommerce Application\starter_code\target\classes started by MSUser2 in C:\Java\eComerce\P04-eCommerce Application)
2021-05-20 11:08:39,422 DEBUG c.e.d.SareetaApplication [main] Running with Spring Boot v2.4.5, Spring v5.3.6
2021-05-20 11:08:39,423 INFO c.e.d.SareetaApplication [main] No active profile set, falling back to default profiles: default
2021-05-20 11:08:42,665 DEBUG c.e.d.s.JWTAuthenticationVerficationFilter [main] Filter 'JWTAuthenticationVerficationFilter' configured for use
2021-05-20 11:08:43,233 INFO c.e.d.SareetaApplication [main] Started SareetaApplication in 4.163 seconds (JVM running for 5.058)
2021-05-20 11:08:57,574 INFO c.e.d.c.UserController [http-nio-8080-exec-2] Password must be at least 7 characters for user Elton John
2021-05-20 11:11:06,413 INFO c.e.d.SareetaApplication [main] Starting SareetaApplication using Java 16.0.1 on ASPIRE-A2 with PID 6360 (C:\Java\eComerce\P04-eCommerce Application\starter_code\target\classes started by MSUser2 in C:\Java\eComerce\P04-eCommerce Application)
2021-05-20 11:11:06,424 DEBUG c.e.d.SareetaApplication [main] Running with Spring Boot v2.4.5, Spring v5.3.6
2021-05-20 11:11:06,425 INFO c.e.d.SareetaApplication [main] No active profile set, falling back to default profiles: default
2021-05-20 11:11:09,669 DEBUG c.e.d.s.JWTAuthenticationVerficationFilter [main] Filter 'JWTAuthenticationVerficationFilter' configured for use
2021-05-20 11:11:10,239 INFO c.e.d.SareetaApplication [main] Started SareetaApplication in 4.166 seconds (JVM running for 5.094)
2021-05-20 11:11:14,198 INFO c.e.d.c.UserController [http-nio-8080-exec-2] Password must be at least 7 characters for user Elton John
2021-05-20 11:11:14,330 ERROR o.a.c.c.C.[.[.[.[dispatcherServlet] [http-nio-8080-exec-2] Servlet.service() for servlet [dispatcherServlet] in context with path [] threw exception [Request processing failed; nested exception is com.example.demo.exception.InvalidPasswordException: Invalid Password: ] with root cause
2021-05-20 11:22:40,321 INFO c.e.d.c.UserController [http-nio-8080-exec-4] The password and confirm password fields do not match for user Elton John
2021-05-20 11:23:03,771 INFO c.e.d.c.UserController [http-nio-8080-exec-6] The password and confirm password fields do not match for user Elton John
2021-05-20 11:27:24,111 INFO c.e.d.SareetaApplication [main] Starting SareetaApplication using Java 16.0.1 on ASPIRE-A2 with PID 17024 (C:\Java\eComerce\P04-eCommerce Application\starter_code\target\classes started by MSUser2 in C:\Java\eComerce\P04-eCommerce Application)
2021-05-20 11:27:24,122 DEBUG c.e.d.SareetaApplication [main] Running with Spring Boot v2.4.5, Spring v5.3.6
2021-05-20 11:27:24,122 INFO c.e.d.SareetaApplication [main] No active profile set, falling back to default profiles: default
2021-05-20 11:27:27,327 DEBUG c.e.d.s.JWTAuthenticationVerficationFilter [main] Filter 'JWTAuthenticationVerficationFilter' configured for use
2021-05-20 11:27:27,887 INFO c.e.d.SareetaApplication [main] Started SareetaApplication in 4.194 seconds (JVM running for 5.094)
2021-05-20 11:27:40,022 INFO c.e.d.c.UserController [http-nio-8080-exec-1] Username create: Elton John, User password set: $2a$10$j07AtSQdx457Pkte6Rjd4.GWoTRmQu2BoDfU3Q1q2rRemk6m.A0oO
2021-05-20 11:27:45,647 ERROR c.e.d.c.UserController [http-nio-8080-exec-3] The username already exists.
2021-05-20 11:31:09,498 INFO c.e.d.SareetaApplication [main] Starting SareetaApplication using Java 16.0.1 on ASPIRE-A2 with PID 5536 (C:\Java\eComerce\P04-eCommerce Application\starter_code\target\classes started by MSUser2 in C:\Java\eComerce\P04-eCommerce Application)
2021-05-20 11:31:09,508 DEBUG c.e.d.SareetaApplication [main] Running with Spring Boot v2.4.5, Spring v5.3.6
2021-05-20 11:31:09,509 INFO c.e.d.SareetaApplication [main] No active profile set, falling back to default profiles: default
2021-05-20 11:31:12,865 DEBUG c.e.d.s.JWTAuthenticationVerficationFilter [main] Filter 'JWTAuthenticationVerficationFilter' configured for use
2021-05-20 11:31:13,485 INFO c.e.d.SareetaApplication [main] Started SareetaApplication in 4.387 seconds (JVM running for 5.367)
2021-05-20 11:31:16,810 INFO c.e.d.c.UserController [http-nio-8080-exec-1] Username create: Elton John, User password set: $2a$10$F6cXsruEMwvZrk01l1Cp6OXKsw3T9G.OFW3h1z9YPdo2CaS63zHu6
2021-05-20 11:31:18,506 ERROR c.e.d.c.UserController [http-nio-8080-exec-3] The username already exists.
2021-05-20 11:31:44,010 INFO c.e.d.c.UserController [http-nio-8080-exec-5] Password must be at least 7 characters for user John Doe
2021-05-20 11:31:57,874 INFO c.e.d.c.UserController [http-nio-8080-exec-7] Password must be at least 7 characters for user John Doe
2021-05-20 11:32:55,720 INFO c.e.d.SareetaApplication [main] Starting SareetaApplication using Java 16.0.1 on ASPIRE-A2 with PID 15372 (C:\Java\eComerce\P04-eCommerce Application\starter_code\target\classes started by MSUser2 in C:\Java\eComerce\P04-eCommerce Application)
2021-05-20 11:32:55,729 DEBUG c.e.d.SareetaApplication [main] Running with Spring Boot v2.4.5, Spring v5.3.6
2021-05-20 11:32:55,730 INFO c.e.d.SareetaApplication [main] No active profile set, falling back to default profiles: default
2021-05-20 11:32:59,131 DEBUG c.e.d.s.JWTAuthenticationVerficationFilter [main] Filter 'JWTAuthenticationVerficationFilter' configured for use
2021-05-20 11:32:59,718 INFO c.e.d.SareetaApplication [main] Started SareetaApplication in 4.39 seconds (JVM running for 5.379)
2021-05-20 11:33:07,671 INFO c.e.d.c.UserController [http-nio-8080-exec-1] Username create: John Doe, User password set: $2a$10$Y0VUkP0APkC/mNZg5Cmng.rTcYCXo2sPkPXjEyFQv9WdG5UBdBH9y
2021-05-20 11:33:09,581 ERROR c.e.d.c.UserController [http-nio-8080-exec-3] The username already exists.
2021-05-20 11:33:16,509 ERROR c.e.d.c.UserController [http-nio-8080-exec-5] The username already exists.
2021-05-20 11:33:35,154 INFO c.e.d.c.UserController [http-nio-8080-exec-7] The password and confirm password fields do not match for user Elton John
2021-05-20 11:33:49,161 INFO c.e.d.c.UserController [http-nio-8080-exec-9] Password must be at least 7 characters for user Elton John
2021-05-20 11:33:59,121 INFO c.e.d.c.UserController [http-nio-8080-exec-2] The password and confirm password fields do not match for user Elton John
2021-05-20 11:34:06,132 INFO c.e.d.c.UserController [http-nio-8080-exec-3] Username create: Elton John, User password set: $2a$10$c1HlLKPqqvOTHkIiEcDyvOaEbYK05C3BmZv3PGLPxW6DeKjEvtaXa
2021-05-20 11:45:11,451 INFO c.e.d.SareetaApplication [main] Starting SareetaApplication using Java 16.0.1 on ASPIRE-A2 with PID 11252 (C:\Java\eComerce\P04-eCommerce Application\starter_code\target\classes started by MSUser2 in C:\Java\eComerce\P04-eCommerce Application)
2021-05-20 11:45:11,459 DEBUG c.e.d.SareetaApplication [main] Running with Spring Boot v2.4.5, Spring v5.3.6
2021-05-20 11:45:11,460 INFO c.e.d.SareetaApplication [main] No active profile set, falling back to default profiles: default
2021-05-20 11:45:14,604 DEBUG c.e.d.s.JWTAuthenticationVerficationFilter [main] Filter 'JWTAuthenticationVerficationFilter' configured for use
2021-05-20 11:45:15,298 INFO c.e.d.SareetaApplication [main] Started SareetaApplication in 4.19 seconds (JVM running for 5.097)
2021-05-20 11:45:18,995 INFO c.e.d.c.UserController [http-nio-8080-exec-2] Password must have at least one special character for user Elton John
2021-05-20 11:45:47,368 INFO c.e.d.c.UserController [http-nio-8080-exec-4] Username create: Elton John, User password set: $2a$10$cx1gPOeHlQZg7n3i7lAxmO5yapfk48CpHn0joMs0vNmNtrJ.SjQ2K
2021-05-20 11:49:58,173 INFO c.e.d.SareetaApplication [main] Starting SareetaApplication using Java 16.0.1 on ASPIRE-A2 with PID 18124 (C:\Java\eComerce\P04-eCommerce Application\starter_code\target\classes started by MSUser2 in C:\Java\eComerce\P04-eCommerce Application)
2021-05-20 11:49:58,183 DEBUG c.e.d.SareetaApplication [main] Running with Spring Boot v2.4.5, Spring v5.3.6
2021-05-20 11:49:58,184 INFO c.e.d.SareetaApplication [main] No active profile set, falling back to default profiles: default
2021-05-20 11:50:01,593 DEBUG c.e.d.s.JWTAuthenticationVerficationFilter [main] Filter 'JWTAuthenticationVerficationFilter' configured for use
2021-05-20 11:50:02,181 INFO c.e.d.SareetaApplication [main] Started SareetaApplication in 4.38 seconds (JVM running for 5.281)
2021-05-20 11:50:43,978 INFO c.e.d.SareetaApplication [main] Starting SareetaApplication using Java 16.0.1 on ASPIRE-A2 with PID 17760 (C:\Java\eComerce\P04-eCommerce Application\starter_code\target\classes started by MSUser2 in C:\Java\eComerce\P04-eCommerce Application)
2021-05-20 11:50:43,988 DEBUG c.e.d.SareetaApplication [main] Running with Spring Boot v2.4.5, Spring v5.3.6
2021-05-20 11:50:43,988 INFO c.e.d.SareetaApplication [main] No active profile set, falling back to default profiles: default
2021-05-20 11:50:47,189 DEBUG c.e.d.s.JWTAuthenticationVerficationFilter [main] Filter 'JWTAuthenticationVerficationFilter' configured for use
2021-05-20 11:50:47,775 INFO c.e.d.SareetaApplication [main] Started SareetaApplication in 4.151 seconds (JVM running for 5.048)
2021-05-20 11:51:06,762 INFO c.e.d.c.UserController [http-nio-8080-exec-1] Password must have at least one special character [@#$%^&-+=()] for user Elton John
2021-05-20 11:51:23,913 INFO c.e.d.c.UserController [http-nio-8080-exec-3] Username create: Elton John, User password set: $2a$10$AN2TSUKksBCUr8ij61VvLOkhVYAqz06/adLyPpPN6mDQW4xEF10oC
2021-05-20 11:51:37,520 INFO c.e.d.c.UserController [http-nio-8080-exec-4] Password must have at least one special character [@#$%^&-+=()] for user John
2021-05-20 11:52:22,103 INFO c.e.d.c.UserController [http-nio-8080-exec-7] Password must have at least one special character [@#$%^&-+=()] for user John
2021-05-20 11:52:39,041 INFO c.e.d.c.UserController [http-nio-8080-exec-9] Username create: John, User password set: $2a$10$Ip1hWNqXZpD/li/lCuCxu.zmQmOXouvU.RHYWFxiPNQMnOH2ucDE.
2021-05-20 11:53:22,543 INFO c.e.d.SareetaApplication [main] Starting SareetaApplication using Java 16.0.1 on ASPIRE-A2 with PID 1764 (C:\Java\eComerce\P04-eCommerce Application\starter_code\target\classes started by MSUser2 in C:\Java\eComerce\P04-eCommerce Application)
2021-05-20 11:53:22,551 DEBUG c.e.d.SareetaApplication [main] Running with Spring Boot v2.4.5, Spring v5.3.6
2021-05-20 11:53:22,551 INFO c.e.d.SareetaApplication [main] No active profile set, falling back to default profiles: default
2021-05-20 11:53:25,702 DEBUG c.e.d.s.JWTAuthenticationVerficationFilter [main] Filter 'JWTAuthenticationVerficationFilter' configured for use
2021-05-20 11:53:26,263 INFO c.e.d.SareetaApplication [main] Started SareetaApplication in 4.119 seconds (JVM running for 4.963)
2021-05-20 11:53:43,101 INFO c.e.d.c.UserController [http-nio-8080-exec-2] Username create: John, User password set: $2a$10$z4i3jigLCcrxb1Ciauvt9eNJmKVo3wqUJNf6if7ajI0mzFPoSV8r.
2021-05-20 11:54:02,347 INFO c.e.d.c.UserController [http-nio-8080-exec-3] Username create: Elton John, User password set: $2a$10$rQJZ2cGUnh3IhHzq38tKYuzhIIqMzNV9cCa2AOzB/PTmACS0GvjGC
2021-05-20 11:54:12,461 ERROR c.e.d.c.UserController [http-nio-8080-exec-4] The username already exists.
2021-05-20 11:54:25,678 INFO c.e.d.c.UserController [http-nio-8080-exec-6] Password must have at least one special character [@#$%^&-+=()] for user Elton John Jr.
2021-05-20 11:55:14,911 INFO c.e.d.c.UserController [http-nio-8080-exec-8] Password must have at least one special character [@#$%^&-+=()] for user Elton John Jr.
2021-05-20 11:56:10,246 INFO c.e.d.c.UserController [http-nio-8080-exec-10] Password must have at least one special character [@#$%^&-+=()] for user Elton John Jr.
2021-05-20 11:56:35,353 INFO c.e.d.SareetaApplication [main] Starting SareetaApplication using Java 16.0.1 on ASPIRE-A2 with PID 17596 (C:\Java\eComerce\P04-eCommerce Application\starter_code\target\classes started by MSUser2 in C:\Java\eComerce\P04-eCommerce Application)
2021-05-20 11:56:35,365 DEBUG c.e.d.SareetaApplication [main] Running with Spring Boot v2.4.5, Spring v5.3.6
2021-05-20 11:56:35,366 INFO c.e.d.SareetaApplication [main] No active profile set, falling back to default profiles: default
2021-05-20 11:56:38,551 DEBUG c.e.d.s.JWTAuthenticationVerficationFilter [main] Filter 'JWTAuthenticationVerficationFilter' configured for use
2021-05-20 11:56:39,129 INFO c.e.d.SareetaApplication [main] Started SareetaApplication in 4.127 seconds (JVM running for 5.025)
2021-05-20 11:56:45,684 INFO c.e.d.c.UserController [http-nio-8080-exec-2] Username create: Elton John Jr., User password set: $2a$10$MupKVTUPjw6otiogIgfgq.jOv/LbsrhEkg8yPbCDXtN580ndx8pW.
2021-05-20 11:59:42,751 INFO c.e.d.SareetaApplication [main] Starting SareetaApplication using Java 16.0.1 on ASPIRE-A2 with PID 16980 (C:\Java\eComerce\P04-eCommerce Application\starter_code\target\classes started by MSUser2 in C:\Java\eComerce\P04-eCommerce Application)
2021-05-20 11:59:42,760 DEBUG c.e.d.SareetaApplication [main] Running with Spring Boot v2.4.5, Spring v5.3.6
2021-05-20 11:59:42,761 INFO c.e.d.SareetaApplication [main] No active profile set, falling back to default profiles: default
2021-05-20 11:59:45,927 DEBUG c.e.d.s.JWTAuthenticationVerficationFilter [main] Filter 'JWTAuthenticationVerficationFilter' configured for use
2021-05-20 11:59:46,537 INFO c.e.d.SareetaApplication [main] Started SareetaApplication in 4.124 seconds (JVM running for 5.034)
2021-05-20 11:59:52,841 INFO c.e.d.c.UserController [http-nio-8080-exec-2] Username create: Elton John Jr., User password set: $2a$10$iGokvtJBmfiwKhBbzzwG.ePxbBsJuSfbXhXlKCn2goQnMbK4jtJXm
2021-05-20 13:03:49,819 INFO c.e.d.c.UserController [http-nio-8080-exec-5] Password must have at least one special character [@#$%^&*_+=()] for user John
2021-05-20 13:04:06,032 INFO c.e.d.c.UserController [http-nio-8080-exec-7] Username create: John, User password set: $2a$10$YgjLUG8D4BHrxNyQa3Yow.viZsihqf2v7v63hqaQRYUvq/tMB6zxG
2021-05-20 13:36:49,861 INFO c.e.d.c.UserController [http-nio-8080-exec-1] Added to cart for user: John
2021-05-20 13:38:00,453 INFO c.e.d.SareetaApplication [main] Starting SareetaApplication using Java 16.0.1 on ASPIRE-A2 with PID 11344 (C:\Java\eComerce\P04-eCommerce Application\starter_code\target\classes started by MSUser2 in C:\Java\eComerce\P04-eCommerce Application)
2021-05-20 13:38:00,463 DEBUG c.e.d.SareetaApplication [main] Running with Spring Boot v2.4.5, Spring v5.3.6
2021-05-20 13:38:00,463 INFO c.e.d.SareetaApplication [main] No active profile set, falling back to default profiles: default
2021-05-20 13:38:05,088 DEBUG c.e.d.s.JWTAuthenticationVerficationFilter [main] Filter 'JWTAuthenticationVerficationFilter' configured for use
2021-05-20 13:38:05,734 INFO c.e.d.SareetaApplication [main] Started SareetaApplication in 5.787 seconds (JVM running for 8.089)
2021-05-20 13:38:11,358 WARN c.e.d.c.UserController [http-nio-8080-exec-1] User not found
2021-05-20 13:38:36,509 INFO c.e.d.c.UserController [http-nio-8080-exec-3] Username create: John, User password set: $2a$10$3BLcVV6YCulVZNuHBFM6eOtwwiAlZ7glaOzekekG.LDtIRHbRVI6a
2021-05-20 13:39:16,553 INFO c.e.d.c.UserController [http-nio-8080-exec-5] Items added to cart for user: John
2021-05-20 13:48:25,358 INFO c.e.d.SareetaApplication [main] Starting SareetaApplication using Java 16.0.1 on ASPIRE-A2 with PID 15340 (C:\Java\eComerce\P04-eCommerce Application\starter_code\target\classes started by MSUser2 in C:\Java\eComerce\P04-eCommerce Application)
2021-05-20 13:48:25,369 DEBUG c.e.d.SareetaApplication [main] Running with Spring Boot v2.4.5, Spring v5.3.6
2021-05-20 13:48:25,370 INFO c.e.d.SareetaApplication [main] No active profile set, falling back to default profiles: default
2021-05-20 13:48:28,626 DEBUG c.e.d.s.JWTAuthenticationVerficationFilter [main] Filter 'JWTAuthenticationVerficationFilter' configured for use
2021-05-20 13:48:29,180 INFO c.e.d.SareetaApplication [main] Started SareetaApplication in 4.206 seconds (JVM running for 5.139)
2021-05-20 14:07:42,721 INFO c.e.d.SareetaApplication [main] Starting SareetaApplication using Java 16.0.1 on ASPIRE-A2 with PID 13560 (C:\Java\eComerce\P04-eCommerce Application\starter_code\target\classes started by MSUser2 in C:\Java\eComerce\P04-eCommerce Application)
2021-05-20 14:07:42,729 DEBUG c.e.d.SareetaApplication [main] Running with Spring Boot v2.4.5, Spring v5.3.6
2021-05-20 14:07:42,730 INFO c.e.d.SareetaApplication [main] No active profile set, falling back to default profiles: default
2021-05-20 14:07:46,028 DEBUG c.e.d.s.JWTAuthenticationVerficationFilter [main] Filter 'JWTAuthenticationVerficationFilter' configured for use
2021-05-20 14:07:46,626 INFO c.e.d.SareetaApplication [main] Started SareetaApplication in 4.241 seconds (JVM running for 5.156)
2021-05-20 14:08:11,154 ERROR c.e.d.c.UserController [http-nio-8080-exec-2] Please, provide password and confirm password for user Alex
2021-05-20 14:08:30,086 INFO c.e.d.c.UserController [http-nio-8080-exec-4] Username create: John, User password set: $2a$10$XbKq0VWTuEl/NbD2Lqi0/.iqCxD0LMoLrhl57IGBB7Nup/PIRF7Fu
2021-05-20 14:08:32,223 ERROR c.e.d.c.UserController [http-nio-8080-exec-5] The username already exists.
2021-05-20 14:08:44,618 ERROR c.e.d.c.UserController [http-nio-8080-exec-7] Password must have at least one special character [@#$%^&*_+=()] for user Elton John
2021-05-20 14:08:48,174 ERROR c.e.d.c.UserController [http-nio-8080-exec-9] Password must have at least one special character [@#$%^&*_+=()] for user Elton John
2021-05-20 14:08:58,864 ERROR c.e.d.c.UserController [http-nio-8080-exec-1] Password must be at least 7 characters for user Elton John
2021-05-20 14:09:05,116 INFO c.e.d.c.UserController [http-nio-8080-exec-3] Username create: Elton John, User password set: $2a$10$P.o/0F0Sp.PuTVXuHxfZ7OZlY1iAGoMYxO/OO1jNxGb9hoSnOSiAW
2021-05-20 14:09:17,138 INFO c.e.d.c.UserController [http-nio-8080-exec-4] Username create: John Doe, User password set: $2a$10$sgN0wsdO1YuWxUnITUWGkuaDP5lDR0bj9nnSQfd.APdbNh9G9BVLy
2021-05-20 14:11:35,505 INFO c.e.d.c.UserController [http-nio-8080-exec-8] Items added to cart for user: John
2021-05-20 14:11:58,657 ERROR o.a.c.c.C.[.[.[.[dispatcherServlet] [http-nio-8080-exec-9] Servlet.service() for servlet [dispatcherServlet] in context with path [] threw exception
2021-05-20 14:12:49,406 INFO c.e.d.c.UserController [http-nio-8080-exec-10] Items added to cart for user: John
2021-05-20 14:13:12,547 INFO c.e.d.c.UserController [http-nio-8080-exec-1] Items added to cart for user: John Doe
2021-05-20 14:19:43,032 INFO c.e.d.SareetaApplication [main] Starting SareetaApplication using Java 16.0.1 on ASPIRE-A2 with PID 9596 (C:\Java\eComerce\P04-eCommerce Application\starter_code\target\classes started by MSUser2 in C:\Java\eComerce\P04-eCommerce Application)
2021-05-20 14:19:43,041 DEBUG c.e.d.SareetaApplication [main] Running with Spring Boot v2.4.5, Spring v5.3.6
2021-05-20 14:19:43,042 INFO c.e.d.SareetaApplication [main] No active profile set, falling back to default profiles: default
2021-05-20 14:19:46,406 DEBUG c.e.d.s.JWTAuthenticationVerficationFilter [main] Filter 'JWTAuthenticationVerficationFilter' configured for use
2021-05-20 14:19:46,980 INFO c.e.d.SareetaApplication [main] Started SareetaApplication in 4.318 seconds (JVM running for 5.23)
2021-05-20 14:28:16,364 INFO c.e.d.SareetaApplication [main] Starting SareetaApplication using Java 16.0.1 on ASPIRE-A2 with PID 1700 (C:\Java\eComerce\P04-eCommerce Application\starter_code\target\classes started by MSUser2 in C:\Java\eComerce\P04-eCommerce Application)
2021-05-20 14:28:16,364 DEBUG c.e.d.SareetaApplication [main] Running with Spring Boot v2.4.5, Spring v5.3.6
2021-05-20 14:28:16,364 INFO c.e.d.SareetaApplication [main] No active profile set, falling back to default profiles: default
2021-05-20 14:28:19,587 DEBUG c.e.d.s.JWTAuthenticationVerficationFilter [main] Filter 'JWTAuthenticationVerficationFilter' configured for use
2021-05-20 14:28:20,151 INFO c.e.d.SareetaApplication [main] Started SareetaApplication in 4.187 seconds (JVM running for 5.09)
2021-05-20 14:30:23,507 ERROR c.e.d.c.UserController [http-nio-8080-exec-1] Create user error: Please, provide password and confirm password for user Alex
2021-05-20 14:30:42,891 ERROR c.e.d.c.UserController [http-nio-8080-exec-4] Create user error: Password must have at least one special character [@#$%^&*_+=()] for user John
2021-05-20 14:31:07,703 ERROR c.e.d.c.UserController [http-nio-8080-exec-6] Create user error: Password must be at least 7 characters for user John
2021-05-20 14:31:28,287 ERROR c.e.d.c.UserController [http-nio-8080-exec-8] Create user error: The password and confirm password fields do not match for user John
2021-05-20 14:31:42,385 INFO c.e.d.c.UserController [http-nio-8080-exec-10] Create user successfully. Username create: John, User password set: $2a$10$ZY0ckyqSCi/LOxhW0fzqFuenar/zIhJtcexrnDijFeYjMQlRah.A6
2021-05-20 14:31:45,562 ERROR c.e.d.c.UserController [http-nio-8080-exec-2] Create user error: The username already exists.
2021-05-20 14:31:47,265 ERROR c.e.d.c.UserController [http-nio-8080-exec-3] Create user error: The username already exists.
2021-05-20 14:42:21,122 INFO c.e.d.SareetaApplication [main] Starting SareetaApplication using Java 16.0.1 on ASPIRE-A2 with PID 18264 (C:\Java\eComerce\P04-eCommerce Application\starter_code\target\classes started by MSUser2 in C:\Java\eComerce\P04-eCommerce Application)
2021-05-20 14:42:21,130 DEBUG c.e.d.SareetaApplication [main] Running with Spring Boot v2.4.5, Spring v5.3.6
2021-05-20 14:42:21,131 INFO c.e.d.SareetaApplication [main] No active profile set, falling back to default profiles: default
2021-05-20 14:42:24,791 DEBUG c.e.d.s.JWTAuthenticationVerficationFilter [main] Filter 'JWTAuthenticationVerficationFilter' configured for use
2021-05-20 14:42:25,440 INFO c.e.d.SareetaApplication [main] Started SareetaApplication in 4.717 seconds (JVM running for 5.665)
2021-05-20 14:43:08,796 INFO c.e.d.SareetaApplication [main] Starting SareetaApplication using Java 16.0.1 on ASPIRE-A2 with PID 6028 (C:\Java\eComerce\P04-eCommerce Application\starter_code\target\classes started by MSUser2 in C:\Java\eComerce\P04-eCommerce Application)
2021-05-20 14:43:08,804 DEBUG c.e.d.SareetaApplication [main] Running with Spring Boot v2.4.5, Spring v5.3.6
2021-05-20 14:43:08,804 INFO c.e.d.SareetaApplication [main] No active profile set, falling back to default profiles: default
2021-05-20 14:43:12,221 DEBUG c.e.d.s.JWTAuthenticationVerficationFilter [main] Filter 'JWTAuthenticationVerficationFilter' configured for use
2021-05-20 14:43:12,822 INFO c.e.d.SareetaApplication [main] Started SareetaApplication in 4.377 seconds (JVM running for 5.429)
2021-05-20 14:43:29,322 INFO c.e.d.c.UserController [http-nio-8080-exec-1] Create user successfully. Username create: John, User password set: $2a$10$gYGhNugkmaA5rl2S9C/1RejX5KjWH8yXSVWL0F7JNppqL7c.spaJS
2021-05-20 14:45:11,770 INFO c.e.d.c.UserController [http-nio-8080-exec-6] Items added to cart for user: John
2021-05-20 14:45:36,617 INFO c.e.d.c.UserController [http-nio-8080-exec-7] Items added to cart for user: John
2021-05-20 14:45:58,798 INFO c.e.d.c.UserController [http-nio-8080-exec-8] Items added to cart for user: John
2021-05-20 14:54:42,874 INFO c.e.d.c.UserController [http-nio-8080-exec-1] Order submitted successfully 
2021-05-20 15:02:42,786 INFO c.e.d.SareetaApplication [main] Starting SareetaApplication using Java 16.0.1 on ASPIRE-A2 with PID 16296 (C:\Java\eComerce\P04-eCommerce Application\starter_code\target\classes started by MSUser2 in C:\Java\eComerce\P04-eCommerce Application)
2021-05-20 15:02:42,794 DEBUG c.e.d.SareetaApplication [main] Running with Spring Boot v2.4.5, Spring v5.3.6
2021-05-20 15:02:42,794 INFO c.e.d.SareetaApplication [main] No active profile set, falling back to default profiles: default
2021-05-20 15:02:46,227 DEBUG c.e.d.s.JWTAuthenticationVerficationFilter [main] Filter 'JWTAuthenticationVerficationFilter' configured for use
2021-05-20 15:02:46,810 INFO c.e.d.SareetaApplication [main] Started SareetaApplication in 4.435 seconds (JVM running for 5.331)
2021-05-20 15:03:11,333 INFO c.e.d.c.UserController [http-nio-8080-exec-1] Create user successfully. Username create: John, User password set: $2a$10$GBfQIwVZNDBT1t7PdOI/JeVExv8LNgM7uHZ7oUqouY5ULT9Buf5E.
2021-05-20 15:03:34,896 INFO c.e.d.c.UserController [http-nio-8080-exec-3] Items added to cart for user: John
2021-05-20 15:03:46,507 WARN c.e.d.c.UserController [http-nio-8080-exec-4] Item not found
2021-05-20 15:04:00,711 INFO c.e.d.c.UserController [http-nio-8080-exec-5] Items added to cart for user: John
2021-05-20 15:05:21,785 INFO c.e.d.c.UserController [http-nio-8080-exec-9] Searched items: Round Widget
2021-05-20 15:05:21,786 INFO c.e.d.c.UserController [http-nio-8080-exec-9] Founded items: [com.example.demo.model.persistence.Item@20]
2021-05-26 15:27:16,260 INFO c.e.d.SareetaApplication [main] Starting SareetaApplication using Java 16.0.1 on ASPIRE-A2 with PID 13328 (C:\Java\Github projects\starter_code\target\classes started by MSUser2 in C:\Java\Github projects)
2021-05-26 15:27:16,341 DEBUG c.e.d.SareetaApplication [main] Running with Spring Boot v2.4.5, Spring v5.3.6
2021-05-26 15:27:16,341 INFO c.e.d.SareetaApplication [main] No active profile set, falling back to default profiles: default
2021-05-26 15:27:20,201 DEBUG c.e.d.s.JWTAuthenticationVerficationFilter [main] Filter 'JWTAuthenticationVerficationFilter' configured for use
2021-05-26 15:27:20,818 INFO c.e.d.SareetaApplication [main] Started SareetaApplication in 5.366 seconds (JVM running for 7.879)
